Arguments: 
  /home/nikolay/.nvm/versions/node/v10.23.3/bin/node /home/nikolay/.nvm/versions/node/v10.23.3/bin/yarn add -D rollaup

PATH: 
  /home/nikolay/.pyenv/plugins/pyenv-virtualenv/shims:/home/nikolay/.pyenv/shims:/home/nikolay/.pyenv/bin:/home/nikolay/.nvm/versions/node/v10.23.3/bin:/usr/local/sbin:/usr/local/bin:/usr/sbin:/usr/bin:/sbin:/bin:/usr/games:/usr/local/games:/snap/bin:/usr/local/go/bin

Yarn version: 
  1.22.10

Node version: 
  10.23.3

Platform: 
  linux x64

Trace: 
  Error: http://192.168.6.75:4873/rollaup: no such package available
      at Request.params.callback [as _callback] (/home/nikolay/.nvm/versions/node/v10.23.3/lib/node_modules/yarn/lib/cli.js:66988:18)
      at Request.self.callback (/home/nikolay/.nvm/versions/node/v10.23.3/lib/node_modules/yarn/lib/cli.js:140662:22)
      at Request.emit (events.js:198:13)
      at Request.<anonymous> (/home/nikolay/.nvm/versions/node/v10.23.3/lib/node_modules/yarn/lib/cli.js:141634:10)
      at Request.emit (events.js:198:13)
      at IncomingMessage.<anonymous> (/home/nikolay/.nvm/versions/node/v10.23.3/lib/node_modules/yarn/lib/cli.js:141556:12)
      at Object.onceWrapper (events.js:286:20)
      at IncomingMessage.emit (events.js:203:15)
      at endReadableNT (_stream_readable.js:1145:12)
      at process._tickCallback (internal/process/next_tick.js:63:19)

npm manifest: 
  {
    "name": "rollup-plugin-svg-sprite",
    "version": "1.0.0",
    "main": "index.js",
    "author": "rokealvo",
    "license": "MIT"
  }

yarn manifest: 
  No manifest

Lockfile: 
  No lockfile
